app/build/intermediates/manifest_merge_blame_file/debug/manifest-merger-blame-debug-report.txt
1<?xml version="1.0" encoding="utf-8"?>
2<manifest xmlns:android="http://schemas.android.com/apk/res/android"
3    package="com.example.redpaper"
4    android:versionCode="1"
5    android:versionName="1.0" >
6
7    <uses-sdk
8        android:minSdkVersion="21"
8-->src/main/AndroidManifest.xml
9        android:targetSdkVersion="30" />
9-->src/main/AndroidManifest.xml
10
11    <uses-permission android:name="android.permission.ACCESS_NETWORK_STATE" />
11-->src/main/AndroidManifest.xml:5:5-79
11-->src/main/AndroidManifest.xml:5:22-76
12    <uses-permission android:name="android.permission.INTERNET" />
12-->src/main/AndroidManifest.xml:6:5-67
12-->src/main/AndroidManifest.xml:6:22-64
13
14    <queries>
14-->src/main/AndroidManifest.xml:8:5-15:15
15
16        <!-- Camera -->
17        <intent>
17-->src/main/AndroidManifest.xml:11:9-13:18
18            <action android:name="android.media.action.IMAGE_CAPTURE" />
18-->src/main/AndroidManifest.xml:12:13-73
18-->src/main/AndroidManifest.xml:12:21-70
19        </intent>
20    </queries>
21
22    <application
22-->src/main/AndroidManifest.xml:17:5-38:19
23        android:name="com.example.redpaper.ParseApplication"
23-->src/main/AndroidManifest.xml:18:9-41
24        android:allowBackup="true"
24-->src/main/AndroidManifest.xml:19:9-35
25        android:appComponentFactory="androidx.core.app.CoreComponentFactory"
25-->[androidx.core:core:1.3.1] AndroidManifest.xml:24:18-86
26        android:debuggable="true"
27        android:icon="@mipmap/ic_launcher"
27-->src/main/AndroidManifest.xml:20:9-43
28        android:label="@string/app_name"
28-->src/main/AndroidManifest.xml:21:9-41
29        android:roundIcon="@mipmap/ic_launcher_round"
29-->src/main/AndroidManifest.xml:22:9-54
30        android:supportsRtl="true"
30-->src/main/AndroidManifest.xml:23:9-35
31        android:testOnly="true"
32        android:theme="@style/Theme.RedPaper"
32-->src/main/AndroidManifest.xml:25:9-46
33        android:usesCleartextTraffic="true" >
33-->src/main/AndroidManifest.xml:24:9-44
34        <activity android:name="com.example.redpaper.LoginActivity" >
34-->src/main/AndroidManifest.xml:28:9-34:20
34-->src/main/AndroidManifest.xml:28:19-48
35            <intent-filter>
35-->src/main/AndroidManifest.xml:29:13-33:29
36                <action android:name="android.intent.action.MAIN" />
36-->src/main/AndroidManifest.xml:30:17-69
36-->src/main/AndroidManifest.xml:30:25-66
37
38                <category android:name="android.intent.category.LAUNCHER" />
38-->src/main/AndroidManifest.xml:32:17-77
38-->src/main/AndroidManifest.xml:32:27-74
39            </intent-filter>
40        </activity>
41        <activity android:name="com.example.redpaper.MainActivity" >
41-->src/main/AndroidManifest.xml:35:9-37:20
41-->src/main/AndroidManifest.xml:35:19-47
42        </activity>
43    </application>
44
45</manifest>